生成启动时间为 2015/3/19 11:41:31。
     1>项目“D:\Garrix-My-Code\Qt\Graduates\Graduates\Graduates.vcxproj”在节点 2 上(Build 个目标)。
     1>ClCompile:
         E:\VS2013\VC\bin\CL.exe /c /I.\GeneratedFiles /I. /IE:\Qt\Qt5.3.2\5.3\msvc2013_opengl\include /I.\GeneratedFiles\Debug /IE:\Qt\Qt5.3.2\5.3\msvc2013_opengl\include\QtCore /IE:\Qt\Qt5.3.2\5.3\msvc2013_opengl\include\QtGui /IE:\Qt\Qt5.3.2\5.3\msvc2013_opengl\include\QtWidgets /IE:\Qt\Qt5.3.2\5.3\msvc2013_opengl\include\QtSql /Zi /nologo /W1 /WX- /Od /Oy- /D UNICODE /D WIN32 /D WIN64 /D QT_DLL /D QT_CORE_LIB /D QT_GUI_LIB /D QT_WIDGETS_LIB /D QT_SQL_LIB /Gm- /EHsc /MDd /GS /fp:precise /Zc:wchar_t /Zc:forScope /Fo"Debug\\" /Fd"Debug\vc120.pdb" /Gd /TP /analyze- /errorReport:prompt MainFrame\Infosearch.cpp MainFrame\MainWidget.cpp
         Infosearch.cpp
         MainWidget.cpp
         正在生成代码...
       Link:
         E:\VS2013\VC\bin\link.exe /ERRORREPORT:PROMPT /OUT:"D:\Garrix-My-Code\Qt\Graduates\Win32\Debug\\Graduates.exe" /NOLOGO /LIBPATH:E:\Qt\Qt5.3.2\5.3\msvc2013_opengl\lib qtmaind.lib Qt5Cored.lib Qt5Guid.lib Qt5Widgetsd.lib Qt5Sqld.lib kernel32.lib user32.lib gdi32.lib winspool.lib comdlg32.lib advapi32.lib shell32.lib ole32.lib oleaut32.lib uuid.lib odbc32.lib odbccp32.lib /MANIFEST /MANIFESTUAC:"level='asInvoker' uiAccess='false'" /manifest:embed /DEBUG /PDB:"D:\Garrix-My-Code\Qt\Graduates\Win32\Debug\Graduates.pdb" /SUBSYSTEM:WINDOWS /TLBID:1 /DYNAMICBASE /NXCOMPAT /IMPLIB:"D:\Garrix-My-Code\Qt\Graduates\Win32\Debug\Graduates.lib" /MACHINE:X86 /SAFESEH Debug\moc_ClassManage.obj
         Debug\moc_graduates.obj
         Debug\moc_Infosearch.obj
         Debug\moc_LeaveMessage.obj
         Debug\moc_linklabel.obj
         Debug\moc_Login.obj
         Debug\moc_MainWidget.obj
         Debug\moc_PersonalInfo.obj
         Debug\moc_RegisterDialog.obj
         Debug\moc_ToolClass.obj
         Debug\qrc_graduates.obj
         Debug\graduates.obj
         Debug\main.obj
         Debug\ClassManage.obj
         Debug\Infosearch.obj
         Debug\LeaveMessage.obj
         Debug\MainWidget.obj
         Debug\PersonalInfo.obj
         Debug\TR.obj
         Debug\linklabel.obj
         Debug\Login.obj
         Debug\RegisterDialog.obj
         Debug\DataBaseOpt.obj
         Debug\ToolClass.obj
         Graduates.vcxproj -> D:\Garrix-My-Code\Qt\Graduates\Win32\Debug\Graduates.exe
     1>已完成生成项目“D:\Garrix-My-Code\Qt\Graduates\Graduates\Graduates.vcxproj”(Build 个目标)的操作。

生成成功。

已用时间 00:00:08.31
